[0m15:26:02.554095 [debug] [MainThread]: Sending event: {'category': 'dbt', 'action': 'invocation', 'label': 'start', 'context': [<snowplow_tracker.self_describing_json.SelfDescribingJson object at 0x10b806d20>, <snowplow_tracker.self_describing_json.SelfDescribingJson object at 0x10bed32f0>, <snowplow_tracker.self_describing_json.SelfDescribingJson object at 0x10bed2d50>]}


============================== 15:26:02.556510 | ab5ad12d-3dbe-42b8-88fc-48b8b996f5b1 ==============================
[0m15:26:02.556510 [info ] [MainThread]: Running with dbt=1.11.2
[0m15:26:02.556767 [debug] [MainThread]: running dbt with arguments {'cache_selected_only': 'False', 'printer_width': '80', 'log_cache_events': 'False', 'fail_fast': 'False', 'version_check': 'True', 'no_print': 'None', 'indirect_selection': 'eager', 'profiles_dir': '/Users/miller/.dbt', 'static_parser': 'True', 'use_experimental_parser': 'False', 'send_anonymous_usage_stats': 'True', 'log_format': 'default', 'empty': 'False', 'write_json': 'True', 'introspect': 'True', 'debug': 'False', 'warn_error_options': 'WarnErrorOptionsV2(error=[], warn=[], silence=[])', 'warn_error': 'None', 'quiet': 'False', 'partial_parse': 'True', 'log_path': '/Users/miller/workspaces/temp/5t-hack/fuzzy-octo-parakeet/logs', 'invocation_command': 'dbt run', 'use_colors': 'True', 'target_path': 'None'}
[0m15:26:02.558129 [error] [MainThread]: Encountered an error:
Runtime Error
  Could not find profile named 'my_dbt_profile'
[0m15:26:02.568409 [debug] [MainThread]: Resource report: {"command_name": "run", "command_success": false, "command_wall_clock_time": 0.04550146, "process_in_blocks": "0", "process_kernel_time": 0.121997, "process_mem_max_rss": "109084672", "process_out_blocks": "0", "process_user_time": 0.548724}
[0m15:26:02.568733 [debug] [MainThread]: Command `dbt run` failed at 15:26:02.568682 after 0.05 seconds
[0m15:26:02.568894 [debug] [MainThread]: Sending event: {'category': 'dbt', 'action': 'invocation', 'label': 'end', 'context': [<snowplow_tracker.self_describing_json.SelfDescribingJson object at 0x10bc809b0>, <snowplow_tracker.self_describing_json.SelfDescribingJson object at 0x10bbe7bf0>, <snowplow_tracker.self_describing_json.SelfDescribingJson object at 0x10bed2f30>]}
[0m15:26:02.569041 [debug] [MainThread]: Flushing usage events
[0m15:26:02.822719 [debug] [MainThread]: An error was encountered while trying to flush usage events
[0m17:04:02.412403 [debug] [MainThread]: Sending event: {'category': 'dbt', 'action': 'invocation', 'label': 'start', 'context': [<snowplow_tracker.self_describing_json.SelfDescribingJson object at 0x10b995160>, <snowplow_tracker.self_describing_json.SelfDescribingJson object at 0x10bb6b0e0>, <snowplow_tracker.self_describing_json.SelfDescribingJson object at 0x10bb6ab70>]}


============================== 17:04:02.415045 | e32ea1fd-d2c9-47d6-9a17-e5dc94fe775b ==============================
[0m17:04:02.415045 [info ] [MainThread]: Running with dbt=1.11.2
[0m17:04:02.415313 [debug] [MainThread]: running dbt with arguments {'log_path': '/Users/miller/workspaces/temp/5t-hack/fuzzy-octo-parakeet/logs', 'fail_fast': 'False', 'empty': 'False', 'no_print': 'None', 'invocation_command': 'dbt run', 'static_parser': 'True', 'log_format': 'default', 'write_json': 'True', 'debug': 'False', 'indirect_selection': 'eager', 'warn_error': 'None', 'use_colors': 'True', 'send_anonymous_usage_stats': 'True', 'log_cache_events': 'False', 'target_path': 'None', 'warn_error_options': 'WarnErrorOptionsV2(error=[], warn=[], silence=[])', 'use_experimental_parser': 'False', 'quiet': 'False', 'printer_width': '80', 'version_check': 'True', 'introspect': 'True', 'partial_parse': 'True', 'cache_selected_only': 'False', 'profiles_dir': '/Users/miller/.dbt'}
[0m17:04:02.416159 [error] [MainThread]: Encountered an error:
Runtime Error
  dbt cannot run because no profile was specified for this dbt project.
  To specify a profile for this project, add a line like the this to
  your dbt_project.yml file:
  
  profile: [profile name]
  
  Here, [profile name] should be replaced with a profile name
  defined in your profiles.yml file. You can find profiles.yml here:
  
  /Users/miller/.dbt/profiles.yml
  
[0m17:04:02.417832 [debug] [MainThread]: Resource report: {"command_name": "run", "command_success": false, "command_wall_clock_time": 0.03813733, "process_in_blocks": "0", "process_kernel_time": 0.083148, "process_mem_max_rss": "108773376", "process_out_blocks": "0", "process_user_time": 0.528781}
[0m17:04:02.418062 [debug] [MainThread]: Command `dbt run` failed at 17:04:02.418019 after 0.04 seconds
[0m17:04:02.418199 [debug] [MainThread]: Sending event: {'category': 'dbt', 'action': 'invocation', 'label': 'end', 'context': [<snowplow_tracker.self_describing_json.SelfDescribingJson object at 0x10b9dcb90>, <snowplow_tracker.self_describing_json.SelfDescribingJson object at 0x10bb98fe0>, <snowplow_tracker.self_describing_json.SelfDescribingJson object at 0x10bb98f20>]}
[0m17:04:02.418331 [debug] [MainThread]: Flushing usage events
[0m17:04:02.614059 [debug] [MainThread]: An error was encountered while trying to flush usage events
